INFO  - 2016-03-08 18:53:21.628; org.eclipse.jetty.server.Server; jetty-8.1.10.v20130312
INFO  - 2016-03-08 18:53:21.658; org.eclipse.jetty.deploy.providers.ScanningAppProvider; Deployment monitor /Users/elele/solr/solr-4.7.2/example/contexts at interval 0
INFO  - 2016-03-08 18:53:21.665; org.eclipse.jetty.deploy.DeploymentManager; Deployable added: /Users/elele/solr/solr-4.7.2/example/contexts/solr-jetty-context.xml
INFO  - 2016-03-08 18:53:21.736; org.eclipse.jetty.webapp.WebInfConfiguration; Extract jar:file:/Users/elele/solr/solr-4.7.2/example/webapps/solr.war!/ to /Users/elele/solr/solr-4.7.2/example/solr-webapp/webapp
INFO  - 2016-03-08 18:53:23.224; org.eclipse.jetty.webapp.StandardDescriptorProcessor; NO JSP Support for /solr, did not find org.apache.jasper.servlet.JspServlet
INFO  - 2016-03-08 18:53:23.298; org.apache.solr.servlet.SolrDispatchFilter; SolrDispatchFilter.init()
INFO  - 2016-03-08 18:53:23.319; org.apache.solr.core.SolrResourceLoader; JNDI not configured for solr (NoInitialContextEx)
INFO  - 2016-03-08 18:53:23.319; org.apache.solr.core.SolrResourceLoader; solr home defaulted to 'solr/' (could not find system property or JNDI)
INFO  - 2016-03-08 18:53:23.320; org.apache.solr.core.SolrResourceLoader; new SolrResourceLoader for directory: 'solr/'
INFO  - 2016-03-08 18:53:23.440; org.apache.solr.core.ConfigSolr; Loading container configuration from /Users/elele/solr/solr-4.7.2/example/solr/solr.xml
INFO  - 2016-03-08 18:53:23.602; org.apache.solr.core.CorePropertiesLocator; Config-defined core root directory: /Users/elele/solr/solr-4.7.2/example/solr
INFO  - 2016-03-08 18:53:23.611; org.apache.solr.core.CoreContainer; New CoreContainer 483585970
INFO  - 2016-03-08 18:53:23.612; org.apache.solr.core.CoreContainer; Loading cores into CoreContainer [instanceDir=solr/]
INFO  - 2016-03-08 18:53:23.624; org.apache.solr.handler.component.HttpShardHandlerFactory; Setting socketTimeout to: 0
INFO  - 2016-03-08 18:53:23.624; org.apache.solr.handler.component.HttpShardHandlerFactory; Setting urlScheme to: null
INFO  - 2016-03-08 18:53:23.628; org.apache.solr.handler.component.HttpShardHandlerFactory; Setting connTimeout to: 0
INFO  - 2016-03-08 18:53:23.630; org.apache.solr.handler.component.HttpShardHandlerFactory; Setting maxConnectionsPerHost to: 20
INFO  - 2016-03-08 18:53:23.630; org.apache.solr.handler.component.HttpShardHandlerFactory; Setting corePoolSize to: 0
INFO  - 2016-03-08 18:53:23.631; org.apache.solr.handler.component.HttpShardHandlerFactory; Setting maximumPoolSize to: 2147483647
INFO  - 2016-03-08 18:53:23.631; org.apache.solr.handler.component.HttpShardHandlerFactory; Setting maxThreadIdleTime to: 5
INFO  - 2016-03-08 18:53:23.631; org.apache.solr.handler.component.HttpShardHandlerFactory; Setting sizeOfQueue to: -1
INFO  - 2016-03-08 18:53:23.631; org.apache.solr.handler.component.HttpShardHandlerFactory; Setting fairnessPolicy to: false
INFO  - 2016-03-08 18:53:23.771; org.apache.solr.logging.LogWatcher; SLF4J impl is org.slf4j.impl.Log4jLoggerFactory
INFO  - 2016-03-08 18:53:23.772; org.apache.solr.logging.LogWatcher; Registering Log Listener [Log4j (org.slf4j.impl.Log4jLoggerFactory)]
INFO  - 2016-03-08 18:53:23.773; org.apache.solr.core.CoreContainer; Host Name: 
INFO  - 2016-03-08 18:53:25.682; org.apache.solr.core.CorePropertiesLocator; Looking for core definitions underneath /Users/elele/solr/solr-4.7.2/example/solr
INFO  - 2016-03-08 18:53:25.690; org.apache.solr.core.CorePropertiesLocator; Found core collection1 in /Users/elele/solr/solr-4.7.2/example/solr/collection1/
INFO  - 2016-03-08 18:53:25.691; org.apache.solr.core.CorePropertiesLocator; Found 1 core definitions
INFO  - 2016-03-08 18:53:25.693; org.apache.solr.core.CoreContainer; Creating SolrCore 'collection1' using instanceDir: /Users/elele/solr/solr-4.7.2/example/solr/collection1
INFO  - 2016-03-08 18:53:25.693; org.apache.solr.core.SolrResourceLoader; new SolrResourceLoader for directory: '/Users/elele/solr/solr-4.7.2/example/solr/collection1/'
INFO  - 2016-03-08 18:53:25.774; org.apache.solr.core.SolrConfig; Adding specified lib dirs to ClassLoader
INFO  - 2016-03-08 18:53:25.777; org.apache.solr.core.SolrResourceLoader; Adding 'file:/Users/elele/solr/solr-4.7.2/contrib/extraction/lib/apache-mime4j-core-0.7.2.jar' to classloader
INFO  - 2016-03-08 18:53:25.777; org.apache.solr.core.SolrResourceLoader; Adding 'file:/Users/elele/solr/solr-4.7.2/contrib/extraction/lib/apache-mime4j-dom-0.7.2.jar' to classloader
INFO  - 2016-03-08 18:53:25.778; org.apache.solr.core.SolrResourceLoader; Adding 'file:/Users/elele/solr/solr-4.7.2/contrib/extraction/lib/asm-3.1.jar' to classloader
INFO  - 2016-03-08 18:53:25.778; org.apache.solr.core.SolrResourceLoader; Adding 'file:/Users/elele/solr/solr-4.7.2/contrib/extraction/lib/aspectjrt-1.6.11.jar' to classloader
INFO  - 2016-03-08 18:53:25.778; org.apache.solr.core.SolrResourceLoader; Adding 'file:/Users/elele/solr/solr-4.7.2/contrib/extraction/lib/bcmail-jdk15-1.45.jar' to classloader
INFO  - 2016-03-08 18:53:25.778; org.apache.solr.core.SolrResourceLoader; Adding 'file:/Users/elele/solr/solr-4.7.2/contrib/extraction/lib/bcprov-jdk15-1.45.jar' to classloader
INFO  - 2016-03-08 18:53:25.779; org.apache.solr.core.SolrResourceLoader; Adding 'file:/Users/elele/solr/solr-4.7.2/contrib/extraction/lib/boilerpipe-1.1.0.jar' to classloader
INFO  - 2016-03-08 18:53:25.779; org.apache.solr.core.SolrResourceLoader; Adding 'file:/Users/elele/solr/solr-4.7.2/contrib/extraction/lib/commons-compress-1.7.jar' to classloader
INFO  - 2016-03-08 18:53:25.779; org.apache.solr.core.SolrResourceLoader; Adding 'file:/Users/elele/solr/solr-4.7.2/contrib/extraction/lib/dom4j-1.6.1.jar' to classloader
INFO  - 2016-03-08 18:53:25.779; org.apache.solr.core.SolrResourceLoader; Adding 'file:/Users/elele/solr/solr-4.7.2/contrib/extraction/lib/fontbox-1.8.1.jar' to classloader
INFO  - 2016-03-08 18:53:25.780; org.apache.solr.core.SolrResourceLoader; Adding 'file:/Users/elele/solr/solr-4.7.2/contrib/extraction/lib/icu4j-52.1.jar' to classloader
INFO  - 2016-03-08 18:53:25.780; org.apache.solr.core.SolrResourceLoader; Adding 'file:/Users/elele/solr/solr-4.7.2/contrib/extraction/lib/isoparser-1.0-RC-1.jar' to classloader
INFO  - 2016-03-08 18:53:25.781; org.apache.solr.core.SolrResourceLoader; Adding 'file:/Users/elele/solr/solr-4.7.2/contrib/extraction/lib/jdom-1.0.jar' to classloader
INFO  - 2016-03-08 18:53:25.781; org.apache.solr.core.SolrResourceLoader; Adding 'file:/Users/elele/solr/solr-4.7.2/contrib/extraction/lib/jempbox-1.8.1.jar' to classloader
INFO  - 2016-03-08 18:53:25.781; org.apache.solr.core.SolrResourceLoader; Adding 'file:/Users/elele/solr/solr-4.7.2/contrib/extraction/lib/juniversalchardet-1.0.3.jar' to classloader
INFO  - 2016-03-08 18:53:25.781; org.apache.solr.core.SolrResourceLoader; Adding 'file:/Users/elele/solr/solr-4.7.2/contrib/extraction/lib/metadata-extractor-2.6.2.jar' to classloader
INFO  - 2016-03-08 18:53:25.781; org.apache.solr.core.SolrResourceLoader; Adding 'file:/Users/elele/solr/solr-4.7.2/contrib/extraction/lib/netcdf-4.2-min.jar' to classloader
INFO  - 2016-03-08 18:53:25.782; org.apache.solr.core.SolrResourceLoader; Adding 'file:/Users/elele/solr/solr-4.7.2/contrib/extraction/lib/pdfbox-1.8.1.jar' to classloader
INFO  - 2016-03-08 18:53:25.782; org.apache.solr.core.SolrResourceLoader; Adding 'file:/Users/elele/solr/solr-4.7.2/contrib/extraction/lib/poi-3.9.jar' to classloader
INFO  - 2016-03-08 18:53:25.782; org.apache.solr.core.SolrResourceLoader; Adding 'file:/Users/elele/solr/solr-4.7.2/contrib/extraction/lib/poi-ooxml-3.9.jar' to classloader
INFO  - 2016-03-08 18:53:25.783; org.apache.solr.core.SolrResourceLoader; Adding 'file:/Users/elele/solr/solr-4.7.2/contrib/extraction/lib/poi-ooxml-schemas-3.9.jar' to classloader
INFO  - 2016-03-08 18:53:25.783; org.apache.solr.core.SolrResourceLoader; Adding 'file:/Users/elele/solr/solr-4.7.2/contrib/extraction/lib/poi-scratchpad-3.9.jar' to classloader
INFO  - 2016-03-08 18:53:25.783; org.apache.solr.core.SolrResourceLoader; Adding 'file:/Users/elele/solr/solr-4.7.2/contrib/extraction/lib/rome-0.9.jar' to classloader
INFO  - 2016-03-08 18:53:25.783; org.apache.solr.core.SolrResourceLoader; Adding 'file:/Users/elele/solr/solr-4.7.2/contrib/extraction/lib/tagsoup-1.2.1.jar' to classloader
INFO  - 2016-03-08 18:53:25.783; org.apache.solr.core.SolrResourceLoader; Adding 'file:/Users/elele/solr/solr-4.7.2/contrib/extraction/lib/tika-core-1.4.jar' to classloader
INFO  - 2016-03-08 18:53:25.784; org.apache.solr.core.SolrResourceLoader; Adding 'file:/Users/elele/solr/solr-4.7.2/contrib/extraction/lib/tika-parsers-1.4.jar' to classloader
INFO  - 2016-03-08 18:53:25.784; org.apache.solr.core.SolrResourceLoader; Adding 'file:/Users/elele/solr/solr-4.7.2/contrib/extraction/lib/tika-xmp-1.4.jar' to classloader
INFO  - 2016-03-08 18:53:25.784; org.apache.solr.core.SolrResourceLoader; Adding 'file:/Users/elele/solr/solr-4.7.2/contrib/extraction/lib/vorbis-java-core-0.1.jar' to classloader
INFO  - 2016-03-08 18:53:25.784; org.apache.solr.core.SolrResourceLoader; Adding 'file:/Users/elele/solr/solr-4.7.2/contrib/extraction/lib/vorbis-java-tika-0.1.jar' to classloader
INFO  - 2016-03-08 18:53:25.785; org.apache.solr.core.SolrResourceLoader; Adding 'file:/Users/elele/solr/solr-4.7.2/contrib/extraction/lib/xercesImpl-2.9.1.jar' to classloader
INFO  - 2016-03-08 18:53:25.785; org.apache.solr.core.SolrResourceLoader; Adding 'file:/Users/elele/solr/solr-4.7.2/contrib/extraction/lib/xmlbeans-2.3.0.jar' to classloader
INFO  - 2016-03-08 18:53:25.785; org.apache.solr.core.SolrResourceLoader; Adding 'file:/Users/elele/solr/solr-4.7.2/contrib/extraction/lib/xmpcore-5.1.2.jar' to classloader
INFO  - 2016-03-08 18:53:25.785; org.apache.solr.core.SolrResourceLoader; Adding 'file:/Users/elele/solr/solr-4.7.2/contrib/extraction/lib/xz-1.0.jar' to classloader
INFO  - 2016-03-08 18:53:25.787; org.apache.solr.core.SolrResourceLoader; Adding 'file:/Users/elele/solr/solr-4.7.2/dist/solr-cell-4.7.2.jar' to classloader
INFO  - 2016-03-08 18:53:25.788; org.apache.solr.core.SolrResourceLoader; Adding 'file:/Users/elele/solr/solr-4.7.2/contrib/clustering/lib/attributes-binder-1.2.0.jar' to classloader
INFO  - 2016-03-08 18:53:25.788; org.apache.solr.core.SolrResourceLoader; Adding 'file:/Users/elele/solr/solr-4.7.2/contrib/clustering/lib/carrot2-mini-3.8.0.jar' to classloader
INFO  - 2016-03-08 18:53:25.788; org.apache.solr.core.SolrResourceLoader; Adding 'file:/Users/elele/solr/solr-4.7.2/contrib/clustering/lib/hppc-0.5.2.jar' to classloader
INFO  - 2016-03-08 18:53:25.788; org.apache.solr.core.SolrResourceLoader; Adding 'file:/Users/elele/solr/solr-4.7.2/contrib/clustering/lib/jackson-core-asl-1.9.13.jar' to classloader
INFO  - 2016-03-08 18:53:25.789; org.apache.solr.core.SolrResourceLoader; Adding 'file:/Users/elele/solr/solr-4.7.2/contrib/clustering/lib/jackson-mapper-asl-1.9.13.jar' to classloader
INFO  - 2016-03-08 18:53:25.789; org.apache.solr.core.SolrResourceLoader; Adding 'file:/Users/elele/solr/solr-4.7.2/contrib/clustering/lib/mahout-collections-1.0.jar' to classloader
INFO  - 2016-03-08 18:53:25.789; org.apache.solr.core.SolrResourceLoader; Adding 'file:/Users/elele/solr/solr-4.7.2/contrib/clustering/lib/mahout-math-0.6.jar' to classloader
INFO  - 2016-03-08 18:53:25.789; org.apache.solr.core.SolrResourceLoader; Adding 'file:/Users/elele/solr/solr-4.7.2/contrib/clustering/lib/simple-xml-2.7.jar' to classloader
INFO  - 2016-03-08 18:53:25.790; org.apache.solr.core.SolrResourceLoader; Adding 'file:/Users/elele/solr/solr-4.7.2/dist/solr-clustering-4.7.2.jar' to classloader
INFO  - 2016-03-08 18:53:25.791; org.apache.solr.core.SolrResourceLoader; Adding 'file:/Users/elele/solr/solr-4.7.2/contrib/langid/lib/jsonic-1.2.7.jar' to classloader
INFO  - 2016-03-08 18:53:25.791; org.apache.solr.core.SolrResourceLoader; Adding 'file:/Users/elele/solr/solr-4.7.2/contrib/langid/lib/langdetect-1.1-20120112.jar' to classloader
INFO  - 2016-03-08 18:53:25.792; org.apache.solr.core.SolrResourceLoader; Adding 'file:/Users/elele/solr/solr-4.7.2/dist/solr-langid-4.7.2.jar' to classloader
INFO  - 2016-03-08 18:53:25.793; org.apache.solr.core.SolrResourceLoader; Adding 'file:/Users/elele/solr/solr-4.7.2/contrib/velocity/lib/commons-beanutils-1.7.0.jar' to classloader
INFO  - 2016-03-08 18:53:25.793; org.apache.solr.core.SolrResourceLoader; Adding 'file:/Users/elele/solr/solr-4.7.2/contrib/velocity/lib/commons-collections-3.2.1.jar' to classloader
INFO  - 2016-03-08 18:53:25.793; org.apache.solr.core.SolrResourceLoader; Adding 'file:/Users/elele/solr/solr-4.7.2/contrib/velocity/lib/velocity-1.7.jar' to classloader
INFO  - 2016-03-08 18:53:25.793; org.apache.solr.core.SolrResourceLoader; Adding 'file:/Users/elele/solr/solr-4.7.2/contrib/velocity/lib/velocity-tools-2.0.jar' to classloader
INFO  - 2016-03-08 18:53:25.794; org.apache.solr.core.SolrResourceLoader; Adding 'file:/Users/elele/solr/solr-4.7.2/dist/solr-velocity-4.7.2.jar' to classloader
INFO  - 2016-03-08 18:53:25.995; org.apache.solr.update.SolrIndexConfig; IndexWriter infoStream solr logging is enabled
INFO  - 2016-03-08 18:53:26.000; org.apache.solr.core.SolrConfig; Using Lucene MatchVersion: LUCENE_47
INFO  - 2016-03-08 18:53:26.127; org.apache.solr.core.SolrConfig; Loaded SolrConfig: solrconfig.xml
INFO  - 2016-03-08 18:53:26.132; org.apache.solr.schema.IndexSchema; Reading Solr Schema from schema.xml
INFO  - 2016-03-08 18:53:26.208; org.apache.solr.schema.IndexSchema; [collection1] Schema name=example
INFO  - 2016-03-08 18:53:26.714; org.apache.solr.schema.IndexSchema; unique key field: id
INFO  - 2016-03-08 18:53:26.800; org.apache.solr.schema.FileExchangeRateProvider; Reloading exchange rates from file currency.xml
INFO  - 2016-03-08 18:53:26.806; org.apache.solr.schema.FileExchangeRateProvider; Reloading exchange rates from file currency.xml
INFO  - 2016-03-08 18:53:26.933; org.apache.solr.core.SolrCore; solr.NRTCachingDirectoryFactory
INFO  - 2016-03-08 18:53:26.939; org.apache.solr.core.SolrCore; [collection1] Opening new SolrCore at /Users/elele/solr/solr-4.7.2/example/solr/collection1/, dataDir=/Users/elele/solr/solr-4.7.2/example/solr/collection1/data/
INFO  - 2016-03-08 18:53:26.941; org.apache.solr.core.JmxMonitoredMap; No JMX servers found, not exposing Solr information with JMX.
INFO  - 2016-03-08 18:53:26.945; org.apache.solr.core.SolrCore; [collection1] Added SolrEventListener for newSearcher: org.apache.solr.core.QuerySenderListener{queries=[]}
INFO  - 2016-03-08 18:53:26.945; org.apache.solr.core.SolrCore; [collection1] Added SolrEventListener for firstSearcher: org.apache.solr.core.QuerySenderListener{queries=[{q=static firstSearcher warming in solrconfig.xml}]}
INFO  - 2016-03-08 18:53:26.966; org.apache.solr.core.CachingDirectoryFactory; return new directory for /Users/elele/solr/solr-4.7.2/example/solr/collection1/data
INFO  - 2016-03-08 18:53:26.967; org.apache.solr.core.SolrCore; New index directory detected: old=null new=/Users/elele/solr/solr-4.7.2/example/solr/collection1/data/index/
WARN  - 2016-03-08 18:53:26.967; org.apache.solr.core.SolrCore; [collection1] Solr index directory '/Users/elele/solr/solr-4.7.2/example/solr/collection1/data/index' doesn't exist. Creating new index...
INFO  - 2016-03-08 18:53:26.976; org.apache.solr.core.CachingDirectoryFactory; return new directory for /Users/elele/solr/solr-4.7.2/example/solr/collection1/data/index
INFO  - 2016-03-08 18:53:27.024; org.apache.solr.core.SolrDeletionPolicy; SolrDeletionPolicy.onCommit: commits: num=1
	commit{dir=NRTCachingDirectory(NIOFSDirectory@/Users/elele/solr/solr-4.7.2/example/solr/collection1/data/index lockFactory=NativeFSLockFactory@/Users/elele/solr/solr-4.7.2/example/solr/collection1/data/index; maxCacheMB=48.0 maxMergeSizeMB=4.0),segFN=segments_1,generation=1}
INFO  - 2016-03-08 18:53:27.025; org.apache.solr.core.SolrDeletionPolicy; newest commit generation = 1
INFO  - 2016-03-08 18:53:27.029; org.apache.solr.core.SolrCore; created json: solr.JSONResponseWriter
INFO  - 2016-03-08 18:53:27.029; org.apache.solr.core.SolrCore; adding lazy queryResponseWriter: solr.VelocityResponseWriter
INFO  - 2016-03-08 18:53:27.030; org.apache.solr.core.SolrCore; created velocity: solr.VelocityResponseWriter
INFO  - 2016-03-08 18:53:27.033; org.apache.solr.core.SolrCore; created xslt: solr.XSLTResponseWriter
INFO  - 2016-03-08 18:53:27.033; org.apache.solr.response.XSLTResponseWriter; xsltCacheLifetimeSeconds=5
INFO  - 2016-03-08 18:53:27.128; org.apache.solr.core.SolrCore; no updateRequestProcessorChain defined as default, creating implicit default
INFO  - 2016-03-08 18:53:27.136; org.apache.solr.core.RequestHandlers; created /select: solr.SearchHandler
INFO  - 2016-03-08 18:53:27.136; org.apache.solr.core.RequestHandlers; created /query: solr.SearchHandler
INFO  - 2016-03-08 18:53:27.138; org.apache.solr.core.RequestHandlers; created /get: solr.RealTimeGetHandler
INFO  - 2016-03-08 18:53:27.138; org.apache.solr.core.RequestHandlers; created /browse: solr.SearchHandler
INFO  - 2016-03-08 18:53:27.141; org.apache.solr.core.RequestHandlers; created /update: solr.UpdateRequestHandler
INFO  - 2016-03-08 18:53:27.141; org.apache.solr.core.RequestHandlers; created /update/json: solr.UpdateRequestHandler
INFO  - 2016-03-08 18:53:27.141; org.apache.solr.core.RequestHandlers; created /update/csv: solr.UpdateRequestHandler
INFO  - 2016-03-08 18:53:27.141; org.apache.solr.core.RequestHandlers; adding lazy requestHandler: solr.extraction.ExtractingRequestHandler
INFO  - 2016-03-08 18:53:27.142; org.apache.solr.core.RequestHandlers; created /update/extract: solr.extraction.ExtractingRequestHandler
INFO  - 2016-03-08 18:53:27.142; org.apache.solr.core.RequestHandlers; adding lazy requestHandler: solr.FieldAnalysisRequestHandler
INFO  - 2016-03-08 18:53:27.142; org.apache.solr.core.RequestHandlers; created /analysis/field: solr.FieldAnalysisRequestHandler
INFO  - 2016-03-08 18:53:27.143; org.apache.solr.core.RequestHandlers; adding lazy requestHandler: solr.DocumentAnalysisRequestHandler
INFO  - 2016-03-08 18:53:27.143; org.apache.solr.core.RequestHandlers; created /analysis/document: solr.DocumentAnalysisRequestHandler
INFO  - 2016-03-08 18:53:27.144; org.apache.solr.core.RequestHandlers; created /admin/: solr.admin.AdminHandlers
INFO  - 2016-03-08 18:53:27.146; org.apache.solr.core.RequestHandlers; created /admin/ping: solr.PingRequestHandler
INFO  - 2016-03-08 18:53:27.148; org.apache.solr.core.RequestHandlers; created /debug/dump: solr.DumpRequestHandler
INFO  - 2016-03-08 18:53:27.156; org.apache.solr.core.RequestHandlers; created /replication: solr.ReplicationHandler
INFO  - 2016-03-08 18:53:27.156; org.apache.solr.core.RequestHandlers; adding lazy requestHandler: solr.SearchHandler
INFO  - 2016-03-08 18:53:27.156; org.apache.solr.core.RequestHandlers; created /spell: solr.SearchHandler
INFO  - 2016-03-08 18:53:27.156; org.apache.solr.core.RequestHandlers; adding lazy requestHandler: solr.SearchHandler
INFO  - 2016-03-08 18:53:27.157; org.apache.solr.core.RequestHandlers; created /suggest: solr.SearchHandler
INFO  - 2016-03-08 18:53:27.157; org.apache.solr.core.RequestHandlers; adding lazy requestHandler: solr.SearchHandler
INFO  - 2016-03-08 18:53:27.157; org.apache.solr.core.RequestHandlers; created /tvrh: solr.SearchHandler
INFO  - 2016-03-08 18:53:27.157; org.apache.solr.core.RequestHandlers; adding lazy requestHandler: solr.SearchHandler
INFO  - 2016-03-08 18:53:27.157; org.apache.solr.core.RequestHandlers; created /terms: solr.SearchHandler
INFO  - 2016-03-08 18:53:27.157; org.apache.solr.core.RequestHandlers; adding lazy requestHandler: solr.SearchHandler
INFO  - 2016-03-08 18:53:27.158; org.apache.solr.core.RequestHandlers; created /elevate: solr.SearchHandler
INFO  - 2016-03-08 18:53:27.177; org.apache.solr.handler.loader.XMLLoader; xsltCacheLifetimeSeconds=60
INFO  - 2016-03-08 18:53:27.178; org.apache.solr.handler.loader.XMLLoader; xsltCacheLifetimeSeconds=60
INFO  - 2016-03-08 18:53:27.179; org.apache.solr.handler.loader.XMLLoader; xsltCacheLifetimeSeconds=60
INFO  - 2016-03-08 18:53:27.193; org.apache.solr.update.CommitTracker; Hard AutoCommit: if uncommited for 15000ms; 
INFO  - 2016-03-08 18:53:27.193; org.apache.solr.update.CommitTracker; Soft AutoCommit: disabled
INFO  - 2016-03-08 18:53:27.197; org.apache.solr.core.SolrDeletionPolicy; SolrDeletionPolicy.onInit: commits: num=1
	commit{dir=NRTCachingDirectory(NIOFSDirectory@/Users/elele/solr/solr-4.7.2/example/solr/collection1/data/index lockFactory=NativeFSLockFactory@/Users/elele/solr/solr-4.7.2/example/solr/collection1/data/index; maxCacheMB=48.0 maxMergeSizeMB=4.0),segFN=segments_1,generation=1}
INFO  - 2016-03-08 18:53:27.197; org.apache.solr.core.SolrDeletionPolicy; newest commit generation = 1
INFO  - 2016-03-08 18:53:27.203; org.apache.solr.search.SolrIndexSearcher; Opening Searcher@2dcf0c3[collection1] main
INFO  - 2016-03-08 18:53:27.207; org.apache.solr.handler.component.SpellCheckComponent; Initializing spell checkers
INFO  - 2016-03-08 18:53:27.213; org.apache.solr.spelling.DirectSolrSpellChecker; init: {name=default,field=text,classname=solr.DirectSolrSpellChecker,distanceMeasure=internal,accuracy=0.5,maxEdits=2,minPrefix=1,maxInspections=5,minQueryLength=4,maxQueryFrequency=0.01}
INFO  - 2016-03-08 18:53:27.220; org.apache.solr.handler.component.SpellCheckComponent; No queryConverter defined, using default converter
INFO  - 2016-03-08 18:53:27.222; org.apache.solr.handler.component.SuggestComponent; Initializing SuggestComponent
INFO  - 2016-03-08 18:53:27.224; org.apache.solr.spelling.suggest.SolrSuggester; init: {name=mySuggester,lookupImpl=FuzzyLookupFactory,dictionaryImpl=DocumentDictionaryFactory,field=cat,weightField=price,suggestAnalyzerFieldType=string}
INFO  - 2016-03-08 18:53:27.237; org.apache.solr.spelling.suggest.SolrSuggester; Dictionary loaded with params: {name=mySuggester,lookupImpl=FuzzyLookupFactory,dictionaryImpl=DocumentDictionaryFactory,field=cat,weightField=price,suggestAnalyzerFieldType=string}
INFO  - 2016-03-08 18:53:27.239; org.apache.solr.handler.component.QueryElevationComponent; Loading QueryElevation from: /Users/elele/solr/solr-4.7.2/example/solr/collection1/conf/elevate.xml
INFO  - 2016-03-08 18:53:27.269; org.apache.solr.handler.ReplicationHandler; Commits will be reserved for  10000
INFO  - 2016-03-08 18:53:27.271; org.apache.solr.core.QuerySenderListener; QuerySenderListener sending requests to Searcher@2dcf0c3[collection1] main{StandardDirectoryReader(segments_1:1:nrt)}
INFO  - 2016-03-08 18:53:27.271; org.apache.solr.core.CoreContainer; registering core: collection1
INFO  - 2016-03-08 18:53:27.274; org.apache.solr.servlet.SolrDispatchFilter; user.dir=/Users/elele/solr/solr-4.7.2/example
INFO  - 2016-03-08 18:53:27.275; org.apache.solr.servlet.SolrDispatchFilter; SolrDispatchFilter.init() done
INFO  - 2016-03-08 18:53:27.325; org.apache.solr.core.SolrCore; [collection1] webapp=null path=null params={event=firstSearcher&q=static+firstSearcher+warming+in+solrconfig.xml&distrib=false} hits=0 status=0 QTime=53 
INFO  - 2016-03-08 18:53:27.326; org.apache.solr.core.QuerySenderListener; QuerySenderListener done.
INFO  - 2016-03-08 18:53:27.326; org.apache.solr.handler.component.SpellCheckComponent$SpellCheckerListener; Loading spell index for spellchecker: default
INFO  - 2016-03-08 18:53:27.327; org.apache.solr.handler.component.SpellCheckComponent$SpellCheckerListener; Loading spell index for spellchecker: wordbreak
INFO  - 2016-03-08 18:53:27.327; org.apache.solr.handler.component.SuggestComponent$SuggesterListener; Loading suggester index for: mySuggester
INFO  - 2016-03-08 18:53:27.328; org.apache.solr.spelling.suggest.SolrSuggester; reload()
INFO  - 2016-03-08 18:53:27.329; org.apache.solr.spelling.suggest.SolrSuggester; build()
INFO  - 2016-03-08 18:53:27.336; org.eclipse.jetty.server.AbstractConnector; Started SocketConnector@0.0.0.0:8983
INFO  - 2016-03-08 18:53:27.340; org.apache.solr.core.SolrCore; [collection1] Registered new searcher Searcher@2dcf0c3[collection1] main{StandardDirectoryReader(segments_1:1:nrt)}
INFO  - 2016-03-08 18:54:06.861; org.eclipse.jetty.server.Server; Graceful shutdown SocketConnector@0.0.0.0:8983
INFO  - 2016-03-08 18:54:06.863; org.eclipse.jetty.server.Server; Graceful shutdown o.e.j.w.WebAppContext{/solr,file:/Users/elele/solr/solr-4.7.2/example/solr-webapp/webapp/},/Users/elele/solr/solr-4.7.2/example/webapps/solr.war
INFO  - 2016-03-08 18:54:07.867; org.apache.solr.core.CoreContainer; Shutting down CoreContainer instance=483585970
INFO  - 2016-03-08 18:54:07.868; org.apache.solr.core.SolrCore; [collection1]  CLOSING SolrCore org.apache.solr.core.SolrCore@32f3e2f5
INFO  - 2016-03-08 18:54:07.869; org.apache.solr.update.DirectUpdateHandler2; closing DirectUpdateHandler2{commits=0,autocommit maxTime=15000ms,autocommits=0,soft autocommits=0,optimizes=0,rollbacks=0,expungeDeletes=0,docsPending=0,adds=0,deletesById=0,deletesByQuery=0,errors=0,cumulative_adds=0,cumulative_deletesById=0,cumulative_deletesByQuery=0,cumulative_errors=0,transaction_logs_total_size=0,transaction_logs_total_number=0}
INFO  - 2016-03-08 18:54:07.869; org.apache.solr.update.SolrCoreState; Closing SolrCoreState
INFO  - 2016-03-08 18:54:07.870; org.apache.solr.update.DefaultSolrCoreState; SolrCoreState ref count has reached 0 - closing IndexWriter
INFO  - 2016-03-08 18:54:07.870; org.apache.solr.update.DefaultSolrCoreState; closing IndexWriter with IndexWriterCloser
INFO  - 2016-03-08 18:54:07.872; org.apache.solr.core.SolrCore; [collection1] Closing main searcher on request.
INFO  - 2016-03-08 18:54:07.872; org.apache.solr.core.CachingDirectoryFactory; Closing NRTCachingDirectoryFactory - 2 directories currently being tracked
INFO  - 2016-03-08 18:54:07.874; org.apache.solr.core.CachingDirectoryFactory; looking to close /Users/elele/solr/solr-4.7.2/example/solr/collection1/data/index [CachedDir<<refCount=0;path=/Users/elele/solr/solr-4.7.2/example/solr/collection1/data/index;done=false>>]
INFO  - 2016-03-08 18:54:07.874; org.apache.solr.core.CachingDirectoryFactory; Closing directory: /Users/elele/solr/solr-4.7.2/example/solr/collection1/data/index
INFO  - 2016-03-08 18:54:07.874; org.apache.solr.core.CachingDirectoryFactory; looking to close /Users/elele/solr/solr-4.7.2/example/solr/collection1/data [CachedDir<<refCount=0;path=/Users/elele/solr/solr-4.7.2/example/solr/collection1/data;done=false>>]
INFO  - 2016-03-08 18:54:07.875; org.apache.solr.core.CachingDirectoryFactory; Closing directory: /Users/elele/solr/solr-4.7.2/example/solr/collection1/data
INFO  - 2016-03-08 18:54:07.876; org.eclipse.jetty.server.handler.ContextHandler; stopped o.e.j.w.WebAppContext{/solr,file:/Users/elele/solr/solr-4.7.2/example/solr-webapp/webapp/},/Users/elele/solr/solr-4.7.2/example/webapps/solr.war
INFO  - 2016-03-08 19:00:03.044; org.eclipse.jetty.server.Server; jetty-8.1.10.v20130312
INFO  - 2016-03-08 19:00:03.063; org.eclipse.jetty.deploy.providers.ScanningAppProvider; Deployment monitor /Users/elele/project/sunspot/sunspot_solr/solr/contexts at interval 0
INFO  - 2016-03-08 19:00:03.068; org.eclipse.jetty.deploy.DeploymentManager; Deployable added: /Users/elele/project/sunspot/sunspot_solr/solr/contexts/solr-jetty-context.xml
INFO  - 2016-03-08 19:00:04.055; org.eclipse.jetty.webapp.StandardDescriptorProcessor; NO JSP Support for /solr, did not find org.apache.jasper.servlet.JspServlet
INFO  - 2016-03-08 19:00:04.139; org.apache.solr.servlet.SolrDispatchFilter; SolrDispatchFilter.init()
INFO  - 2016-03-08 19:00:04.155; org.apache.solr.core.SolrResourceLoader; JNDI not configured for solr (NoInitialContextEx)
INFO  - 2016-03-08 19:00:04.155; org.apache.solr.core.SolrResourceLoader; solr home defaulted to 'solr/' (could not find system property or JNDI)
INFO  - 2016-03-08 19:00:04.156; org.apache.solr.core.SolrResourceLoader; new SolrResourceLoader for directory: 'solr/'
INFO  - 2016-03-08 19:00:04.266; org.apache.solr.core.ConfigSolr; Loading container configuration from /Users/elele/project/sunspot/sunspot_solr/solr/solr/solr.xml
INFO  - 2016-03-08 19:00:04.376; org.apache.solr.core.CorePropertiesLocator; Config-defined core root directory: /Users/elele/project/sunspot/sunspot_solr/solr/solr
INFO  - 2016-03-08 19:00:04.384; org.apache.solr.core.CoreContainer; New CoreContainer 1774581292
INFO  - 2016-03-08 19:00:04.384; org.apache.solr.core.CoreContainer; Loading cores into CoreContainer [instanceDir=solr/]
INFO  - 2016-03-08 19:00:04.395; org.apache.solr.handler.component.HttpShardHandlerFactory; Setting socketTimeout to: 0
INFO  - 2016-03-08 19:00:04.395; org.apache.solr.handler.component.HttpShardHandlerFactory; Setting urlScheme to: null
INFO  - 2016-03-08 19:00:04.398; org.apache.solr.handler.component.HttpShardHandlerFactory; Setting connTimeout to: 0
INFO  - 2016-03-08 19:00:04.399; org.apache.solr.handler.component.HttpShardHandlerFactory; Setting maxConnectionsPerHost to: 20
INFO  - 2016-03-08 19:00:04.401; org.apache.solr.handler.component.HttpShardHandlerFactory; Setting corePoolSize to: 0
INFO  - 2016-03-08 19:00:04.401; org.apache.solr.handler.component.HttpShardHandlerFactory; Setting maximumPoolSize to: 2147483647
INFO  - 2016-03-08 19:00:04.401; org.apache.solr.handler.component.HttpShardHandlerFactory; Setting maxThreadIdleTime to: 5
INFO  - 2016-03-08 19:00:04.402; org.apache.solr.handler.component.HttpShardHandlerFactory; Setting sizeOfQueue to: -1
INFO  - 2016-03-08 19:00:04.402; org.apache.solr.handler.component.HttpShardHandlerFactory; Setting fairnessPolicy to: false
INFO  - 2016-03-08 19:00:04.520; org.apache.solr.logging.LogWatcher; SLF4J impl is org.slf4j.impl.Log4jLoggerFactory
INFO  - 2016-03-08 19:00:04.521; org.apache.solr.logging.LogWatcher; Registering Log Listener [Log4j (org.slf4j.impl.Log4jLoggerFactory)]
INFO  - 2016-03-08 19:00:04.522; org.apache.solr.core.CoreContainer; Host Name: 
